Build started 2/14/2016 5:22:59 PM.
     1>Project "C:\Users\chris\Documents\GitHub\canisiuseddie\Software\KinectSoftware\EDDIE_Eyes\KinectEmotionDeterminerWrapper\KinectEmotionDeterminerWrapper.vcxproj" on node 2 (Rebuild target(s)).
     1>ClCompile:
         C:\Program Files (x86)\Microsoft Visual Studio 12.0\VC\bin\x86_amd64\CL.exe /c /AI"C:\Program Files (x86)\Reference Assemblies\Microsoft\Framework\.NETFramework\v4.5\\" /AI"C:\Program Files (x86)\Windows Kits\8.1\References\CommonConfiguration\Neutral" /AI"C:\Program Files (x86)\Reference Assemblies\Microsoft\Framework\.NETFramework\v4.5\Facades\\" /Zi /clr /nologo /W3 /WX- /Od /D WIN32 /D _DEBUG /D _WINDLL /D _UNICODE /D UNICODE /EHa /MDd /GS /fp:precise /Zc:wchar_t /Zc:forScope /Yc"stdafx.h" /Fp"x64\Debug\KinectEmotionDeterminerWrapper.pch" /Fo"x64\Debug\\" /Fd"x64\Debug\vc120.pdb" /TP /FUC:\Users\chris\Documents\GitHub\canisiuseddie\Software\KinectSoftware\EDDIE_Eyes\KinectEmotionDeterminer\bin\x64\Debug\KinectEmotionDeterminer.dll /FU"C:\Program Files\Microsoft SDKs\Kinect\v2.0_1409\Redist\Face\x64\Microsoft.Kinect.Face.dll" /FU"C:\Program Files (x86)\Reference Assemblies\Microsoft\Framework\.NETFramework\v4.5\mscorlib.dll" /FU"C:\Program Files (x86)\Reference Assemblies\Microsoft\Framework\.NETFramework\v4.5.1\PresentationCore.dll" /FU"C:\Program Files (x86)\Reference Assemblies\Microsoft\Framework\.NETFramework\v4.5.1\PresentationFramework.dll" /FU"C:\Program Files (x86)\Reference Assemblies\Microsoft\Framework\.NETFramework\v4.5\System.Data.dll" /FU"C:\Program Files (x86)\Reference Assemblies\Microsoft\Framework\.NETFramework\v4.5\System.dll" /FU"C:\Program Files (x86)\Reference Assemblies\Microsoft\Framework\.NETFramework\v4.5\System.Xml.dll" /FU"C:\Program Files (x86)\Reference Assemblies\Microsoft\Framework\.NETFramework\v4.5.1\WindowsBase.dll" /errorReport:prompt /clr:nostdlib Stdafx.cpp
         Stdafx.cpp
         C:\Program Files (x86)\Microsoft Visual Studio 12.0\VC\bin\x86_amd64\CL.exe /c /AI"C:\Program Files (x86)\Reference Assemblies\Microsoft\Framework\.NETFramework\v4.5\\" /AI"C:\Program Files (x86)\Windows Kits\8.1\References\CommonConfiguration\Neutral" /AI"C:\Program Files (x86)\Reference Assemblies\Microsoft\Framework\.NETFramework\v4.5\Facades\\" /Zi /clr /nologo /W3 /WX- /Od /D WIN32 /D _DEBUG /D _WINDLL /D _UNICODE /D UNICODE /EHa /MDd /GS /fp:precise /Zc:wchar_t /Zc:forScope /Yu"stdafx.h" /Fp"x64\Debug\KinectEmotionDeterminerWrapper.pch" /Fo"x64\Debug\\" /Fd"x64\Debug\vc120.pdb" /TP /FUC:\Users\chris\Documents\GitHub\canisiuseddie\Software\KinectSoftware\EDDIE_Eyes\KinectEmotionDeterminer\bin\x64\Debug\KinectEmotionDeterminer.dll /FU"C:\Program Files\Microsoft SDKs\Kinect\v2.0_1409\Redist\Face\x64\Microsoft.Kinect.Face.dll" /FU"C:\Program Files (x86)\Reference Assemblies\Microsoft\Framework\.NETFramework\v4.5\mscorlib.dll" /FU"C:\Program Files (x86)\Reference Assemblies\Microsoft\Framework\.NETFramework\v4.5.1\PresentationCore.dll" /FU"C:\Program Files (x86)\Reference Assemblies\Microsoft\Framework\.NETFramework\v4.5.1\PresentationFramework.dll" /FU"C:\Program Files (x86)\Reference Assemblies\Microsoft\Framework\.NETFramework\v4.5\System.Data.dll" /FU"C:\Program Files (x86)\Reference Assemblies\Microsoft\Framework\.NETFramework\v4.5\System.dll" /FU"C:\Program Files (x86)\Reference Assemblies\Microsoft\Framework\.NETFramework\v4.5\System.Xml.dll" /FU"C:\Program Files (x86)\Reference Assemblies\Microsoft\Framework\.NETFramework\v4.5.1\WindowsBase.dll" /errorReport:prompt /clr:nostdlib AssemblyInfo.cpp KinectEmotionDeterminerWrapper.cpp
         AssemblyInfo.cpp
         KinectEmotionDeterminerWrapper.cpp
         Generating Code...
         C:\Program Files (x86)\Microsoft Visual Studio 12.0\VC\bin\x86_amd64\CL.exe /c /Zi /clr /nologo /W3 /WX- /Od /D WIN32 /D _DEBUG /D _WINDLL /D _UNICODE /D UNICODE /EHa /MDd /GS /fp:precise /Zc:wchar_t /Zc:forScope /Fo"x64\Debug\\" /Fd"x64\Debug\vc120.pdb" /TP /errorReport:prompt "C:\Users\chris\AppData\Local\Temp\.NETFramework,Version=v4.5.AssemblyAttributes.cpp"
         .NETFramework,Version=v4.5.AssemblyAttributes.cpp
       ResourceCompile:
         C:\Program Files (x86)\Windows Kits\8.1\bin\x86\rc.exe /D _UNICODE /D UNICODE /l"0x0409" /nologo /fo"x64\Debug\app.res" app.rc 
       Link:
         C:\Program Files (x86)\Microsoft Visual Studio 12.0\VC\bin\x86_amd64\link.exe /ERRORREPORT:PROMPT /OUT:"C:\Users\chris\Documents\GitHub\canisiuseddie\Software\KinectSoftware\EDDIE_Eyes\x64\Debug\KinectEmotionDeterminerWrapper.dll" /INCREMENTAL /NOLOGO /MANIFEST /MANIFESTUAC:"level='asInvoker' uiAccess='false'" /manifest:embed /DEBUG /PDB:"C:\Users\chris\Documents\GitHub\canisiuseddie\Software\KinectSoftware\EDDIE_Eyes\x64\Debug\KinectEmotionDeterminerWrapper.pdb" /ASSEMBLYDEBUG /TLBID:1 /DYNAMICBASE /FIXED:NO /NXCOMPAT /MACHINE:X64 /DLL x64\Debug\app.res
         x64\Debug\AssemblyInfo.obj
         x64\Debug\KinectEmotionDeterminerWrapper.obj
         x64\Debug\Stdafx.obj
         "x64\Debug\.NETFramework,Version=v4.5.AssemblyAttributes.obj"
         KinectEmotionDeterminerWrapper.vcxproj -> C:\Users\chris\Documents\GitHub\canisiuseddie\Software\KinectSoftware\EDDIE_Eyes\x64\Debug\KinectEmotionDeterminerWrapper.dll
     1>Done Building Project "C:\Users\chris\Documents\GitHub\canisiuseddie\Software\KinectSoftware\EDDIE_Eyes\KinectEmotionDeterminerWrapper\KinectEmotionDeterminerWrapper.vcxproj" (Rebuild target(s)).

Build succeeded.

Time Elapsed 00:00:05.60
