c:\users\chris\documents\github\canisiuseddie\software\kinectsoftware\eddie_eyes\kinectemotiondeterminerwrapper\x64\debug\kinectemotiondeterminerwrapper.pch
c:\users\chris\documents\github\canisiuseddie\software\kinectsoftware\eddie_eyes\kinectemotiondeterminerwrapper\x64\debug\vc120.pdb
c:\users\chris\documents\github\canisiuseddie\software\kinectsoftware\eddie_eyes\kinectemotiondeterminerwrapper\x64\debug\stdafx.obj
c:\users\chris\documents\github\canisiuseddie\software\kinectsoftware\eddie_eyes\kinectemotiondeterminerwrapper\x64\debug\kinectemotiondeterminerwrapper.obj
c:\users\chris\documents\github\canisiuseddie\software\kinectsoftware\eddie_eyes\kinectemotiondeterminerwrapper\x64\debug\assemblyinfo.obj
c:\users\chris\documents\github\canisiuseddie\software\kinectsoftware\eddie_eyes\kinectemotiondeterminerwrapper\x64\debug\.netframework,version=v4.5.assemblyattributes.obj
c:\users\chris\documents\github\canisiuseddie\software\kinectsoftware\eddie_eyes\x64\debug\kinectemotiondeterminer.dll
c:\users\chris\documents\github\canisiuseddie\software\kinectsoftware\eddie_eyes\x64\debug\microsoft.kinect.face.dll
c:\users\chris\documents\github\canisiuseddie\software\kinectsoftware\eddie_eyes\x64\debug\kinectemotiondeterminer.pdb
c:\users\chris\documents\github\canisiuseddie\software\kinectsoftware\eddie_eyes\x64\debug\microsoft.kinect.face.xml
c:\users\chris\documents\github\canisiuseddie\software\kinectsoftware\eddie_eyes\x64\debug\kinectemotiondeterminerwrapper.dll
c:\users\chris\documents\github\canisiuseddie\software\kinectsoftware\eddie_eyes\x64\debug\kinectemotiondeterminerwrapper.pdb
c:\users\chris\documents\github\canisiuseddie\software\kinectsoftware\eddie_eyes\kinectemotiondeterminerwrapper\x64\debug\kinectem.4cf6d695.tlog\metagen.write.1.tlog
c:\users\chris\documents\github\canisiuseddie\software\kinectsoftware\eddie_eyes\kinectemotiondeterminerwrapper\x64\debug\app.res
c:\users\chris\documents\github\canisiuseddie\software\kinectsoftware\eddie_eyes\kinectemotiondeterminerwrapper\x64\debug\kinectemotiondeterminerwrapper.vcxprojresolveassemblyreference.cache
c:\users\chris\documents\github\canisiuseddie\software\kinectsoftware\eddie_eyes\kinectemotiondeterminerwrapper\x64\debug\kinectem.4cf6d695.tlog\cl.command.1.tlog
c:\users\chris\documents\github\canisiuseddie\software\kinectsoftware\eddie_eyes\kinectemotiondeterminerwrapper\x64\debug\kinectem.4cf6d695.tlog\cl.read.1.tlog
c:\users\chris\documents\github\canisiuseddie\software\kinectsoftware\eddie_eyes\kinectemotiondeterminerwrapper\x64\debug\kinectem.4cf6d695.tlog\cl.write.1.tlog
c:\users\chris\documents\github\canisiuseddie\software\kinectsoftware\eddie_eyes\kinectemotiondeterminerwrapper\x64\debug\kinectem.4cf6d695.tlog\kinectemotiondeterminerwrapper.write.1u.tlog
c:\users\chris\documents\github\canisiuseddie\software\kinectsoftware\eddie_eyes\kinectemotiondeterminerwrapper\x64\debug\kinectem.4cf6d695.tlog\link.command.1.tlog
c:\users\chris\documents\github\canisiuseddie\software\kinectsoftware\eddie_eyes\kinectemotiondeterminerwrapper\x64\debug\kinectem.4cf6d695.tlog\link.read.1.tlog
c:\users\chris\documents\github\canisiuseddie\software\kinectsoftware\eddie_eyes\kinectemotiondeterminerwrapper\x64\debug\kinectem.4cf6d695.tlog\link.write.1.tlog
c:\users\chris\documents\github\canisiuseddie\software\kinectsoftware\eddie_eyes\kinectemotiondeterminerwrapper\x64\debug\kinectem.4cf6d695.tlog\metagen.read.1.tlog
c:\users\chris\documents\github\canisiuseddie\software\kinectsoftware\eddie_eyes\kinectemotiondeterminerwrapper\x64\debug\kinectem.4cf6d695.tlog\rc.command.1.tlog
c:\users\chris\documents\github\canisiuseddie\software\kinectsoftware\eddie_eyes\kinectemotiondeterminerwrapper\x64\debug\kinectem.4cf6d695.tlog\rc.read.1.tlog
c:\users\chris\documents\github\canisiuseddie\software\kinectsoftware\eddie_eyes\kinectemotiondeterminerwrapper\x64\debug\kinectem.4cf6d695.tlog\rc.write.1.tlog
c:\users\chris\documents\github\canisiuseddie\software\kinectsoftware\eddie_eyes\kinectemotiondeterminerwrapper\x64\debug\kinectem.4cf6d695.tlog\kinectemotiondeterminer.dll.metagen
c:\users\chris\documents\github\canisiuseddie\software\kinectsoftware\eddie_eyes\kinectemotiondeterminerwrapper\x64\debug\kinectem.4cf6d695.tlog\microsoft.kinect.face.dll.metagen
c:\users\chris\documents\github\canisiuseddie\software\kinectsoftware\eddie_eyes\kinectemotiondeterminerwrapper\x64\debug\kinectem.4cf6d695.tlog\presentationcore.dll.metagen
c:\users\chris\documents\github\canisiuseddie\software\kinectsoftware\eddie_eyes\kinectemotiondeterminerwrapper\x64\debug\kinectem.4cf6d695.tlog\presentationframework.dll.metagen
c:\users\chris\documents\github\canisiuseddie\software\kinectsoftware\eddie_eyes\kinectemotiondeterminerwrapper\x64\debug\kinectem.4cf6d695.tlog\windowsbase.dll.metagen
c:\users\chris\documents\github\canisiuseddie\software\kinectsoftware\eddie_eyes\kinectemotiondeterminerwrapper\x64\debug\kinectem.4cf6d695.tlog\tzres.dll.bi
