c:\users\jon\appdata\local\github\eddie\software\kinectsoftware\projecteddie\kinectemotiondeterminerwrapper\debug\kinectemotiondeterminerwrapper.pch
c:\users\jon\appdata\local\github\eddie\software\kinectsoftware\projecteddie\kinectemotiondeterminerwrapper\debug\vc120.pdb
c:\users\jon\appdata\local\github\eddie\software\kinectsoftware\projecteddie\kinectemotiondeterminerwrapper\debug\stdafx.obj
c:\users\jon\appdata\local\github\eddie\software\kinectsoftware\projecteddie\kinectemotiondeterminerwrapper\debug\kinectemotiondeterminerwrapper.obj
c:\users\jon\appdata\local\github\eddie\software\kinectsoftware\projecteddie\kinectemotiondeterminerwrapper\debug\assemblyinfo.obj
c:\users\jon\appdata\local\github\eddie\software\kinectsoftware\projecteddie\kinectemotiondeterminerwrapper\debug\.netframework,version=v4.5.assemblyattributes.obj
c:\users\jon\appdata\local\github\eddie\software\kinectsoftware\projecteddie\debug\projecteddie.dll
c:\users\jon\appdata\local\github\eddie\software\kinectsoftware\projecteddie\debug\microsoft.kinect.face.dll
c:\users\jon\appdata\local\github\eddie\software\kinectsoftware\projecteddie\debug\projecteddie.pdb
c:\users\jon\appdata\local\github\eddie\software\kinectsoftware\projecteddie\debug\microsoft.kinect.face.xml
c:\users\jon\appdata\local\github\eddie\software\kinectsoftware\projecteddie\debug\kinectemotiondeterminerwrapper.pdb
c:\users\jon\appdata\local\github\eddie\software\kinectsoftware\projecteddie\kinectemotiondeterminerwrapper\debug\app.res
c:\users\jon\appdata\local\github\eddie\software\kinectsoftware\projecteddie\kinectemotiondeterminerwrapper\debug\kinectemotiondeterminerwrapper.vcxprojresolveassemblyreference.cache
c:\users\jon\appdata\local\github\eddie\software\kinectsoftware\projecteddie\debug\kinectemotiondeterminerwrapper.dll
c:\users\jon\appdata\local\github\eddie\software\kinectsoftware\projecteddie\kinectemotiondeterminerwrapper\debug\kinectem.4cf6d695.tlog\cl.command.1.tlog
c:\users\jon\appdata\local\github\eddie\software\kinectsoftware\projecteddie\kinectemotiondeterminerwrapper\debug\kinectem.4cf6d695.tlog\cl.read.1.tlog
c:\users\jon\appdata\local\github\eddie\software\kinectsoftware\projecteddie\kinectemotiondeterminerwrapper\debug\kinectem.4cf6d695.tlog\cl.write.1.tlog
c:\users\jon\appdata\local\github\eddie\software\kinectsoftware\projecteddie\kinectemotiondeterminerwrapper\debug\kinectem.4cf6d695.tlog\kinectemotiondeterminerwrapper.write.1u.tlog
c:\users\jon\appdata\local\github\eddie\software\kinectsoftware\projecteddie\kinectemotiondeterminerwrapper\debug\kinectem.4cf6d695.tlog\link.command.1.tlog
c:\users\jon\appdata\local\github\eddie\software\kinectsoftware\projecteddie\kinectemotiondeterminerwrapper\debug\kinectem.4cf6d695.tlog\link.read.1.tlog
c:\users\jon\appdata\local\github\eddie\software\kinectsoftware\projecteddie\kinectemotiondeterminerwrapper\debug\kinectem.4cf6d695.tlog\link.write.1.tlog
c:\users\jon\appdata\local\github\eddie\software\kinectsoftware\projecteddie\kinectemotiondeterminerwrapper\debug\kinectem.4cf6d695.tlog\metagen.read.1.tlog
c:\users\jon\appdata\local\github\eddie\software\kinectsoftware\projecteddie\kinectemotiondeterminerwrapper\debug\kinectem.4cf6d695.tlog\metagen.write.1.tlog
c:\users\jon\appdata\local\github\eddie\software\kinectsoftware\projecteddie\kinectemotiondeterminerwrapper\debug\kinectem.4cf6d695.tlog\rc.command.1.tlog
c:\users\jon\appdata\local\github\eddie\software\kinectsoftware\projecteddie\kinectemotiondeterminerwrapper\debug\kinectem.4cf6d695.tlog\rc.read.1.tlog
c:\users\jon\appdata\local\github\eddie\software\kinectsoftware\projecteddie\kinectemotiondeterminerwrapper\debug\kinectem.4cf6d695.tlog\rc.write.1.tlog
c:\users\jon\appdata\local\github\eddie\software\kinectsoftware\projecteddie\kinectemotiondeterminerwrapper\debug\kinectem.4cf6d695.tlog\tzres.dll.bi
